<?xml version="1.0" encoding="UTF-8"?>
<!-- Generated by org.testng.reporters.JUnitXMLReporter -->
<testsuite ignored="1" hostname="MADHUSUDHAN" failures="0" tests="2" name="Radio buttons test" time="36.926" errors="0" timestamp="2024-05-29T07:56:14 IST">
  <testcase classname="com.mavenpractice.launchVApage" name="Vapage" time="12.548"/>
  <testcase classname="com.mavenpractice.radioButtons" name="feedbackhighrating" time="24.059"/>
  <testcase classname="com.mavenpractice.launchVApage" name="Textarea" time="0.0">
    <ignored/>
  </testcase> <!-- Textarea -->
</testsuite> <!-- Radio buttons test -->
