<?xml version="1.0" encoding="UTF-8"?>
<!-- Generated by org.testng.reporters.JUnitXMLReporter -->
<testsuite ignored="1" hostname="MADHUSUDHAN" failures="0" tests="2" name="windows handles" time="30.176" errors="0" timestamp="2024-05-29T08:22:24 IST">
  <testcase classname="com.mavenpractice.launchVApage" name="Vapage" time="14.43"/>
  <testcase classname="com.mavenpractice.windowsHandles" name="privacylinkStatement" time="15.635"/>
  <testcase classname="com.mavenpractice.launchVApage" name="Textarea" time="0.0">
    <ignored/>
  </testcase> <!-- Textarea -->
</testsuite> <!-- windows handles -->
