<?xml version="1.0" encoding="UTF-8"?>
<testng-results ignored="1" total="3" passed="2" failed="0" skipped="0">
  <reporter-output>
  </reporter-output>
  <suite started-at="2024-05-29T08:21:54 IST" name="Suite" finished-at="2024-05-29T08:22:24 IST" duration-ms="30176">
    <groups>
    </groups>
    <test started-at="2024-05-29T08:21:54 IST" name="windows handles" finished-at="2024-05-29T08:22:24 IST" duration-ms="30176">
      <class name="com.mavenpractice.windowsHandles">
        <test-method signature="Vapage(java.lang.String)[pri:0, instance:com.mavenpractice.windowsHandles@2f48b3d2]" started-at="2024-05-29T08:21:54 IST" name="Vapage" finished-at="2024-05-29T08:22:08 IST" duration-ms="14430" status="PASS">
          <params>
            <param index="0">
              <value>
                <![CDATA[https://virtualagent.hpcloud.hp.com/]]>
              </value>
            </param>
          </params>
          <reporter-output>
          </reporter-output>
        </test-method> <!-- Vapage -->
        <test-method signature="privacylinkStatement()[pri:0, instance:com.mavenpractice.windowsHandles@2f48b3d2]" started-at="2024-05-29T08:22:08 IST" name="privacylinkStatement" finished-at="2024-05-29T08:22:24 IST" duration-ms="15635" status="PASS">
          <reporter-output>
          </reporter-output>
        </test-method> <!-- privacylinkStatement -->
      </class> <!-- com.mavenpractice.windowsHandles -->
    </test> <!-- windows handles -->
  </suite> <!-- Suite -->
</testng-results>
