<?xml version="1.0" encoding="UTF-8"?>
<testng-results ignored="0" total="2" passed="2" failed="0" skipped="0">
  <reporter-output>
  </reporter-output>
  <suite started-at="2024-05-25T20:18:15 IST" name="Suite" finished-at="2024-05-25T20:18:35 IST" duration-ms="19660">
    <groups>
    </groups>
    <test started-at="2024-05-25T20:18:15 IST" name="Test" finished-at="2024-05-25T20:18:35 IST" duration-ms="19660">
      <class name="com.mavenpractice.launchVApage">
        <test-method signature="Vapage(java.lang.String)[pri:0, instance:com.mavenpractice.launchVApage@4b2a01d4]" started-at="2024-05-25T20:18:15 IST" name="Vapage" finished-at="2024-05-25T20:18:30 IST" duration-ms="15274" status="PASS">
          <params>
            <param index="0">
              <value>
                <![CDATA[https://virtualagent.hpcloud.hp.com/]]>
              </value>
            </param>
          </params>
          <reporter-output>
          </reporter-output>
        </test-method> <!-- Vapage -->
        <test-method signature="Textarea(java.lang.String)[pri:0, instance:com.mavenpractice.launchVApage@4b2a01d4]" started-at="2024-05-25T20:18:31 IST" name="Textarea" finished-at="2024-05-25T20:18:35 IST" duration-ms="4225" status="PASS">
          <params>
            <param index="0">
              <value>
                <![CDATA[computer is slow]]>
              </value>
            </param>
          </params>
          <reporter-output>
          </reporter-output>
        </test-method> <!-- Textarea -->
      </class> <!-- com.mavenpractice.launchVApage -->
    </test> <!-- Test -->
  </suite> <!-- Suite -->
</testng-results>
